[debug] ----------------------------------------------------------------------
[debug] Command:      C:\Program Files\nodejs\node.exe C:\Users\vvvv\AppData\Roaming\npm\node_modules\firebase-tools\bin\firebase deploy
[debug] CLI Version:  3.3.0
[debug] Platform:     win32
[debug] Node Version: v6.9.1
[debug] Time:         Mon Feb 27 2017 23:50:40 GMT+0530 (India Standard Time)
[debug] ----------------------------------------------------------------------
[debug] 
[debug] > command requires scopes: ["email","openid","https://www.googleapis.com/auth/cloudplatformprojects.readonly","https://www.googleapis.com/auth/firebase"]
[debug] > refreshing access token with scopes: ["email","https://www.googleapis.com/auth/cloudplatformprojects.readonly","https://www.googleapis.com/auth/firebase","openid"]
[debug] >>> HTTP REQUEST POST https://www.googleapis.com/oauth2/v3/token { refresh_token: '1/q_tZNhHcKFFPqbAx1xGOGe1NpmWbl8ZTbE8B_mSO5pE',
  client_id: '563584335869-fgrhgmd47bqnekij5i8b5pr03ho849e6.apps.googleusercontent.com',
  client_secret: 'j9iVZfS8kkCEFUPaAeJV0sAi',
  grant_type: 'refresh_token',
  scope: 'email https://www.googleapis.com/auth/cloudplatformprojects.readonly https://www.googleapis.com/auth/firebase openid' } 
 Mon Feb 27 2017 23:50:40 GMT+0530 (India Standard Time)
[debug] <<< HTTP RESPONSE 200
[debug] >>> HTTP REQUEST GET https://admin.firebase.com/v1/projects/sampleapp2-bc865  
 Mon Feb 27 2017 23:50:42 GMT+0530 (India Standard Time)
[debug] <<< HTTP RESPONSE 200
[debug] >>> HTTP REQUEST GET https://admin.firebase.com/v1/database/sampleapp2-bc865/tokens  
 Mon Feb 27 2017 23:50:58 GMT+0530 (India Standard Time)
[debug] <<< HTTP RESPONSE 200
[info] 
[info] === Deploying to 'sampleapp2-bc865'...
[info] 
[info] i  deploying hosting
[info] +  database: rules ready to deploy.
[info] i  hosting: preparing dist directory for upload...
[debug] >>> HTTP REQUEST PUT https://deploy.firebase.com/v1/hosting/sampleapp2-bc865/uploads/-Ke-nWLRfD6oApjdUDQu?fileCount=171&message=  
 Mon Feb 27 2017 23:51:23 GMT+0530 (India Standard Time)
[debug] <<< HTTP RESPONSE 200
[info] +  hosting: dist folder uploaded successfully
[info] +  hosting: 171 files uploaded successfully
[info] i  starting release process (may take several minutes)...
[debug] >>> HTTP REQUEST POST https://deploy.firebase.com/v1/projects/sampleapp2-bc865/releases { database: { rulesString: undefined },
  hosting: 
   { public: 'dist',
     rewrites: [ [Object] ],
     version: '-Ke-nWLRfD6oApjdUDQu',
     prefix: '-Ke-nWLRfD6oApjdUDQu/',
     manifest: [] } } 
 Tue Feb 28 2017 00:07:47 GMT+0530 (India Standard Time)
